# JRE version: OpenJDK Runtime Environment (11.0.10) (build 11.0.10+0-b96-7249189)
# Java VM: OpenJDK 64-Bit Server VM (11.0.10+0-b96-7249189, mixed mode, tiered, compressed oops, g1 gc, windows-amd64)
Heap:
 garbage-first heap   total 76800K, used 50520K [0x0000000080000000, 0x0000000100000000)
  region size 1024K, 1 young (1024K), 1 survivors (1024K)
 Metaspace       used 63790K, capacity 65292K, committed 65532K, reserved 1105920K
  class space    used 8018K, capacity 8559K, committed 8576K, reserved 1048576K
GC Heap History (20 events):
Event: 28.452 GC heap after
{Heap after GC invocations=46 (full 0):
 garbage-first heap   total 63488K, used 48922K [0x0000000080000000, 0x0000000100000000)
  region size 1024K, 1 young (1024K), 1 survivors (1024K)
 Metaspace       used 60839K, capacity 62342K, committed 62588K, reserved 1103872K
  class space    used 7649K, capacity 8185K, committed 8192K, reserved 1048576K
}
Event: 28.535 GC heap before
{Heap before GC invocations=46 (full 0):
 garbage-first heap   total 63488K, used 51994K [0x0000000080000000, 0x0000000100000000)
  region size 1024K, 4 young (4096K), 1 survivors (1024K)
 Metaspace       used 61100K, capacity 62574K, committed 62716K, reserved 1103872K
  class space    used 7685K, capacity 8218K, committed 8320K, reserved 1048576K
}
Event: 28.537 GC heap after
{Heap after GC invocations=47 (full 0):
 garbage-first heap   total 63488K, used 49096K [0x0000000080000000, 0x0000000100000000)
  region size 1024K, 1 young (1024K), 1 survivors (1024K)
 Metaspace       used 61100K, capacity 62574K, committed 62716K, reserved 1103872K
  class space    used 7685K, capacity 8218K, committed 8320K, reserved 1048576K
}
Event: 28.727 GC heap before
{Heap before GC invocations=48 (full 0):
 garbage-first heap   total 63488K, used 50120K [0x0000000080000000, 0x0000000100000000)
  region size 1024K, 4 young (4096K), 1 survivors (1024K)
 Metaspace       used 61449K, capacity 63008K, committed 63228K, reserved 1103872K
  class space    used 7735K, capacity 8253K, committed 8320K, reserved 1048576K
}
Event: 28.729 GC heap after
{Heap after GC invocations=49 (full 0):
 garbage-first heap   total 63488K, used 48319K [0x0000000080000000, 0x0000000100000000)
  region size 1024K, 1 young (1024K), 1 survivors (1024K)
 Metaspace       used 61449K, capacity 63008K, committed 63228K, reserved 1103872K
  class space    used 7735K, capacity 8253K, committed 8320K, reserved 1048576K
}
Event: 28.833 GC heap before
{Heap before GC invocations=49 (full 0):
 garbage-first heap   total 63488K, used 52415K [0x0000000080000000, 0x0000000100000000)
  region size 1024K, 5 young (5120K), 1 survivors (1024K)
 Metaspace       used 62017K, capacity 63587K, committed 63740K, reserved 1105920K
  class space    used 7795K, capacity 8318K, committed 8320K, reserved 1048576K
}
Event: 28.836 GC heap after
{Heap after GC invocations=50 (full 0):
 garbage-first heap   total 63488K, used 48539K [0x0000000080000000, 0x0000000100000000)
  region size 1024K, 1 young (1024K), 1 survivors (1024K)
 Metaspace       used 62017K, capacity 63587K, committed 63740K, reserved 1105920K
  class space    used 7795K, capacity 8318K, committed 8320K, reserved 1048576K
}
Event: 29.004 GC heap before
{Heap before GC invocations=51 (full 0):
 garbage-first heap   total 63488K, used 52635K [0x0000000080000000, 0x0000000100000000)
  region size 1024K, 5 young (5120K), 1 survivors (1024K)
 Metaspace       used 62357K, capacity 63888K, committed 64124K, reserved 1105920K
  class space    used 7835K, capacity 8352K, committed 8448K, reserved 1048576K
}
Event: 29.007 GC heap after
{Heap after GC invocations=52 (full 0):
 garbage-first heap   total 63488K, used 48993K [0x0000000080000000, 0x0000000100000000)
  region size 1024K, 1 young (1024K), 1 survivors (1024K)
 Metaspace       used 62357K, capacity 63888K, committed 64124K, reserved 1105920K
  class space    used 7835K, capacity 8352K, committed 8448K, reserved 1048576K
}
Event: 29.101 GC heap before
{Heap before GC invocations=52 (full 0):
 garbage-first heap   total 63488K, used 53089K [0x0000000080000000, 0x0000000100000000)
  region size 1024K, 5 young (5120K), 1 survivors (1024K)
 Metaspace       used 62666K, capacity 64211K, committed 64380K, reserved 1105920K
  class space    used 7880K, capacity 8417K, committed 8448K, reserved 1048576K
}
Event: 29.104 GC heap after
{Heap after GC invocations=53 (full 0):
 garbage-first heap   total 63488K, used 49419K [0x0000000080000000, 0x0000000100000000)
  region size 1024K, 1 young (1024K), 1 survivors (1024K)
 Metaspace       used 62666K, capacity 64211K, committed 64380K, reserved 1105920K
  class space    used 7880K, capacity 8417K, committed 8448K, reserved 1048576K
}
Event: 29.341 GC heap before
{Heap before GC invocations=54 (full 0):
 garbage-first heap   total 63488K, used 51467K [0x0000000080000000, 0x0000000100000000)
  region size 1024K, 4 young (4096K), 1 survivors (1024K)
 Metaspace       used 63068K, capacity 64648K, committed 65020K, reserved 1105920K
  class space    used 7920K, capacity 8456K, committed 8576K, reserved 1048576K
}
Event: 29.343 GC heap after
{Heap after GC invocations=55 (full 0):
 garbage-first heap   total 63488K, used 49367K [0x0000000080000000, 0x0000000100000000)
  region size 1024K, 1 young (1024K), 1 survivors (1024K)
 Metaspace       used 63068K, capacity 64648K, committed 65020K, reserved 1105920K
  class space    used 7920K, capacity 8456K, committed 8576K, reserved 1048576K
}
Event: 29.396 GC heap before
{Heap before GC invocations=55 (full 0):
 garbage-first heap   total 63488K, used 52439K [0x0000000080000000, 0x0000000100000000)
  region size 1024K, 4 young (4096K), 1 survivors (1024K)
 Metaspace       used 63313K, capacity 64907K, committed 65020K, reserved 1105920K
  class space    used 7968K, capacity 8521K, committed 8576K, reserved 1048576K
}
Event: 29.398 GC heap after
{Heap after GC invocations=56 (full 0):
 garbage-first heap   total 63488K, used 49440K [0x0000000080000000, 0x0000000100000000)
  region size 1024K, 1 young (1024K), 1 survivors (1024K)
 Metaspace       used 63313K, capacity 64907K, committed 65020K, reserved 1105920K
  class space    used 7968K, capacity 8521K, committed 8576K, reserved 1048576K
}
Event: 29.601 GC heap before
{Heap before GC invocations=57 (full 0):
 garbage-first heap   total 63488K, used 51488K [0x0000000080000000, 0x0000000100000000)
  region size 1024K, 4 young (4096K), 1 survivors (1024K)
 Metaspace       used 63629K, capacity 65142K, committed 65276K, reserved 1105920K
  class space    used 8004K, capacity 8555K, committed 8576K, reserved 1048576K
}
Event: 29.603 GC heap after
{Heap after GC invocations=58 (full 0):
 garbage-first heap   total 63488K, used 49771K [0x0000000080000000, 0x0000000100000000)
  region size 1024K, 1 young (1024K), 1 survivors (1024K)
 Metaspace       used 63629K, capacity 65142K, committed 65276K, reserved 1105920K
  class space    used 8004K, capacity 8555K, committed 8576K, reserved 1048576K
}
Event: 29.604 GC heap before
{Heap before GC invocations=58 (full 0):
 garbage-first heap   total 63488K, used 49771K [0x0000000080000000, 0x0000000100000000)
  region size 1024K, 2 young (2048K), 1 survivors (1024K)
 Metaspace       used 63630K, capacity 65142K, committed 65276K, reserved 1105920K
  class space    used 8004K, capacity 8555K, committed 8576K, reserved 1048576K
}
Event: 29.606 GC heap after
{Heap after GC invocations=59 (full 0):
 garbage-first heap   total 63488K, used 49942K [0x0000000080000000, 0x0000000100000000)
  region size 1024K, 1 young (1024K), 1 survivors (1024K)
 Metaspace       used 63630K, capacity 65142K, committed 65276K, reserved 1105920K
  class space    used 8004K, capacity 8555K, committed 8576K, reserved 1048576K
}
Event: 29.727 GC heap before
{Heap before GC invocations=60 (full 0):
 garbage-first heap   total 63488K, used 53014K [0x0000000080000000, 0x0000000100000000)
  region size 1024K, 3 young (3072K), 1 survivors (1024K)
 Metaspace       used 63790K, capacity 65292K, committed 65532K, reserved 1105920K
  class space    used 8018K, capacity 8559K, committed 8576K, reserved 1048576K
}

