# JRE version: OpenJDK Runtime Environment (11.0.10) (build 11.0.10+0-b96-7249189)
# Java VM: OpenJDK 64-Bit Server VM (11.0.10+0-b96-7249189, mixed mode, tiered, compressed oops, g1 gc, windows-amd64)
Heap:
 garbage-first heap   total 63488K, used 42192K [0x0000000080000000, 0x0000000100000000)
  region size 1024K, 2 young (2048K), 1 survivors (1024K)
 Metaspace       used 50272K, capacity 51625K, committed 51836K, reserved 1093632K
  class space    used 6397K, capacity 6856K, committed 6912K, reserved 1048576K
GC Heap History (20 events):
Event: 32.878 GC heap before
{Heap before GC invocations=14 (full 0):
 garbage-first heap   total 63488K, used 50003K [0x0000000080000000, 0x0000000100000000)
  region size 1024K, 26 young (26624K), 4 survivors (4096K)
 Metaspace       used 43012K, capacity 44056K, committed 44156K, reserved 1087488K
  class space    used 5474K, capacity 5823K, committed 5888K, reserved 1048576K
}
Event: 32.885 GC heap after
{Heap after GC invocations=15 (full 0):
 garbage-first heap   total 63488K, used 28230K [0x0000000080000000, 0x0000000100000000)
  region size 1024K, 2 young (2048K), 2 survivors (2048K)
 Metaspace       used 43012K, capacity 44056K, committed 44156K, reserved 1087488K
  class space    used 5474K, capacity 5823K, committed 5888K, reserved 1048576K
}
Event: 34.912 GC heap before
{Heap before GC invocations=15 (full 0):
 garbage-first heap   total 63488K, used 50758K [0x0000000080000000, 0x0000000100000000)
  region size 1024K, 24 young (24576K), 2 survivors (2048K)
 Metaspace       used 44635K, capacity 45701K, committed 45948K, reserved 1089536K
  class space    used 5717K, capacity 6115K, committed 6144K, reserved 1048576K
}
Event: 34.919 GC heap after
{Heap after GC invocations=16 (full 0):
 garbage-first heap   total 63488K, used 29023K [0x0000000080000000, 0x0000000100000000)
  region size 1024K, 2 young (2048K), 2 survivors (2048K)
 Metaspace       used 44635K, capacity 45701K, committed 45948K, reserved 1089536K
  class space    used 5717K, capacity 6115K, committed 6144K, reserved 1048576K
}
Event: 44.487 GC heap before
{Heap before GC invocations=16 (full 0):
 garbage-first heap   total 63488K, used 50527K [0x0000000080000000, 0x0000000100000000)
  region size 1024K, 23 young (23552K), 2 survivors (2048K)
 Metaspace       used 46172K, capacity 47418K, committed 47484K, reserved 1091584K
  class space    used 5903K, capacity 6345K, committed 6400K, reserved 1048576K
}
Event: 44.494 GC heap after
{Heap after GC invocations=17 (full 0):
 garbage-first heap   total 63488K, used 30676K [0x0000000080000000, 0x0000000100000000)
  region size 1024K, 3 young (3072K), 3 survivors (3072K)
 Metaspace       used 46172K, capacity 47418K, committed 47484K, reserved 1091584K
  class space    used 5903K, capacity 6345K, committed 6400K, reserved 1048576K
}
Event: 62.576 GC heap before
{Heap before GC invocations=17 (full 0):
 garbage-first heap   total 63488K, used 50132K [0x0000000080000000, 0x0000000100000000)
  region size 1024K, 23 young (23552K), 3 survivors (3072K)
 Metaspace       used 47140K, capacity 48364K, committed 48636K, reserved 1091584K
  class space    used 6004K, capacity 6421K, committed 6528K, reserved 1048576K
}
Event: 62.582 GC heap after
{Heap after GC invocations=18 (full 0):
 garbage-first heap   total 63488K, used 31109K [0x0000000080000000, 0x0000000100000000)
  region size 1024K, 2 young (2048K), 2 survivors (2048K)
 Metaspace       used 47140K, capacity 48364K, committed 48636K, reserved 1091584K
  class space    used 6004K, capacity 6421K, committed 6528K, reserved 1048576K
}
Event: 62.784 GC heap before
{Heap before GC invocations=19 (full 0):
 garbage-first heap   total 63488K, used 32133K [0x0000000080000000, 0x0000000100000000)
  region size 1024K, 4 young (4096K), 2 survivors (2048K)
 Metaspace       used 47150K, capacity 48403K, committed 48636K, reserved 1091584K
  class space    used 6008K, capacity 6455K, committed 6528K, reserved 1048576K
}
Event: 62.790 GC heap after
{Heap after GC invocations=20 (full 0):
 garbage-first heap   total 63488K, used 31552K [0x0000000080000000, 0x0000000100000000)
  region size 1024K, 2 young (2048K), 2 survivors (2048K)
 Metaspace       used 47150K, capacity 48403K, committed 48636K, reserved 1091584K
  class space    used 6008K, capacity 6455K, committed 6528K, reserved 1048576K
}
Event: 64.050 GC heap before
{Heap before GC invocations=21 (full 0):
 garbage-first heap   total 63488K, used 32576K [0x0000000080000000, 0x0000000100000000)
  region size 1024K, 3 young (3072K), 2 survivors (2048K)
 Metaspace       used 47150K, capacity 48403K, committed 48636K, reserved 1091584K
  class space    used 6008K, capacity 6455K, committed 6528K, reserved 1048576K
}
Event: 64.054 GC heap after
{Heap after GC invocations=22 (full 0):
 garbage-first heap   total 63488K, used 33291K [0x0000000080000000, 0x0000000100000000)
  region size 1024K, 2 young (2048K), 2 survivors (2048K)
 Metaspace       used 47150K, capacity 48403K, committed 48636K, reserved 1091584K
  class space    used 6008K, capacity 6455K, committed 6528K, reserved 1048576K
}
Event: 72.330 GC heap before
{Heap before GC invocations=23 (full 0):
 garbage-first heap   total 63488K, used 38411K [0x0000000080000000, 0x0000000100000000)
  region size 1024K, 8 young (8192K), 2 survivors (2048K)
 Metaspace       used 47158K, capacity 48403K, committed 48636K, reserved 1091584K
  class space    used 6008K, capacity 6455K, committed 6528K, reserved 1048576K
}
Event: 72.333 GC heap after
{Heap after GC invocations=24 (full 0):
 garbage-first heap   total 63488K, used 37602K [0x0000000080000000, 0x0000000100000000)
  region size 1024K, 2 young (2048K), 2 survivors (2048K)
 Metaspace       used 47158K, capacity 48403K, committed 48636K, reserved 1091584K
  class space    used 6008K, capacity 6455K, committed 6528K, reserved 1048576K
}
Event: 75.257 GC heap before
{Heap before GC invocations=25 (full 0):
 garbage-first heap   total 63488K, used 48866K [0x0000000080000000, 0x0000000100000000)
  region size 1024K, 11 young (11264K), 2 survivors (2048K)
 Metaspace       used 47740K, capacity 48936K, committed 49148K, reserved 1091584K
  class space    used 6080K, capacity 6496K, committed 6528K, reserved 1048576K
}
Event: 75.266 GC heap after
{Heap after GC invocations=26 (full 0):
 garbage-first heap   total 63488K, used 41295K [0x0000000080000000, 0x0000000100000000)
  region size 1024K, 2 young (2048K), 2 survivors (2048K)
 Metaspace       used 47740K, capacity 48936K, committed 49148K, reserved 1091584K
  class space    used 6080K, capacity 6496K, committed 6528K, reserved 1048576K
}
Event: 76.853 GC heap before
{Heap before GC invocations=26 (full 0):
 garbage-first heap   total 63488K, used 48463K [0x0000000080000000, 0x0000000100000000)
  region size 1024K, 9 young (9216K), 2 survivors (2048K)
 Metaspace       used 48313K, capacity 49633K, committed 49788K, reserved 1093632K
  class space    used 6167K, capacity 6618K, committed 6656K, reserved 1048576K
}
Event: 76.857 GC heap after
{Heap after GC invocations=27 (full 0):
 garbage-first heap   total 63488K, used 41865K [0x0000000080000000, 0x0000000100000000)
  region size 1024K, 1 young (1024K), 1 survivors (1024K)
 Metaspace       used 48313K, capacity 49633K, committed 49788K, reserved 1093632K
  class space    used 6167K, capacity 6618K, committed 6656K, reserved 1048576K
}
Event: 79.159 GC heap before
{Heap before GC invocations=28 (full 0):
 garbage-first heap   total 63488K, used 48009K [0x0000000080000000, 0x0000000100000000)
  region size 1024K, 8 young (8192K), 1 survivors (1024K)
 Metaspace       used 49299K, capacity 50634K, committed 50940K, reserved 1093632K
  class space    used 6288K, capacity 6717K, committed 6784K, reserved 1048576K
}
Event: 79.162 GC heap after
{Heap after GC invocations=29 (full 0):
 garbage-first heap   total 63488K, used 41920K [0x0000000080000000, 0x0000000100000000)
  region size 1024K, 1 young (1024K), 1 survivors (1024K)
 Metaspace       used 49299K, capacity 50634K, committed 50940K, reserved 1093632K
  class space    used 6288K, capacity 6717K, committed 6784K, reserved 1048576K
}

